2024-05-28 10:57:33.850 INFO  [background-preinit] [o.h.validator.internal.util.Version] - HV000001: Hibernate Validator 8.0.1.Final
2024-05-28 10:57:33.894 INFO  [main] [com.kkosoonnae.KkosoonnaeApplication] - Starting KkosoonnaeApplication using Java 17.0.10 with PID 17396 (C:\Users\hagjoon\OneDrive\바탕 화면\supercoding\KkoSoonNae-BE\build\classes\java\main started by hagjoon in C:\Users\hagjoon\OneDrive\바탕 화면\supercoding\KkoSoonNae-BE)
2024-05-28 10:57:33.896 INFO  [main] [com.kkosoonnae.KkosoonnaeApplication] - The following 3 profiles are active: "local", "jwt", "aws"
2024-05-28 10:57:34.585 INFO  [main] [o.s.d.r.c.RepositoryConfigurationDelegate] - Bootstrapping Spring Data JPA repositories in DEFAULT mode.
2024-05-28 10:57:34.686 INFO  [main] [o.s.d.r.c.RepositoryConfigurationDelegate] - Finished Spring Data repository scanning in 90 ms. Found 16 JPA repository interfaces.
2024-05-28 10:57:35.392 INFO  [main] [o.s.b.w.embedded.tomcat.TomcatWebServer] - Tomcat initialized with port 8080 (http)
2024-05-28 10:57:35.403 INFO  [main] [o.apache.coyote.http11.Http11NioProtocol] - Initializing ProtocolHandler ["http-nio-8080"]
2024-05-28 10:57:35.404 INFO  [main] [o.apache.catalina.core.StandardService] - Starting service [Tomcat]
2024-05-28 10:57:35.404 INFO  [main] [org.apache.catalina.core.StandardEngine] - Starting Servlet engine: [Apache Tomcat/10.1.20]
2024-05-28 10:57:35.478 INFO  [main] [o.a.c.c.C.[Tomcat].[localhost].[/]] - Initializing Spring embedded WebApplicationContext
2024-05-28 10:57:35.478 INFO  [main] [o.s.b.w.s.c.ServletWebServerApplicationContext] - Root WebApplicationContext: initialization completed in 1547 ms
2024-05-28 10:57:35.628 INFO  [main] [o.hibernate.jpa.internal.util.LogHelper] - HHH000204: Processing PersistenceUnitInfo [name: default]
2024-05-28 10:57:35.715 INFO  [main] [org.hibernate.Version] - HHH000412: Hibernate ORM core version 6.4.4.Final
2024-05-28 10:57:35.760 INFO  [main] [o.h.c.internal.RegionFactoryInitiator] - HHH000026: Second-level cache disabled
2024-05-28 10:57:36.193 INFO  [main] [o.s.o.j.p.SpringPersistenceUnitInfo] - No LoadTimeWeaver setup: ignoring JPA class transformer
2024-05-28 10:57:36.221 INFO  [main] [com.zaxxer.hikari.HikariDataSource] - HikariPool-1 - Starting...
2024-05-28 10:57:36.375 INFO  [main] [com.zaxxer.hikari.pool.HikariPool] - HikariPool-1 - Added connection com.mysql.cj.jdbc.ConnectionImpl@b2e1df3
2024-05-28 10:57:36.377 INFO  [main] [com.zaxxer.hikari.HikariDataSource] - HikariPool-1 - Start completed.
2024-05-28 10:57:36.426 WARN  [main] [org.hibernate.orm.deprecation] - HHH90000025: MySQL8Dialect does not need to be specified explicitly using 'hibernate.dialect' (remove the property setting and it will be selected by default)
2024-05-28 10:57:36.427 WARN  [main] [org.hibernate.orm.deprecation] - HHH90000026: MySQL8Dialect has been deprecated; use org.hibernate.dialect.MySQLDialect instead
2024-05-28 10:57:37.541 INFO  [main] [o.h.e.t.j.p.i.JtaPlatformInitiator] - HHH000489: No JTA platform available (set 'hibernate.transaction.jta.platform' to enable JTA platform integration)
2024-05-28 10:57:37.544 INFO  [main] [o.s.o.j.LocalContainerEntityManagerFactoryBean] - Initialized JPA EntityManagerFactory for persistence unit 'default'
2024-05-28 10:57:37.775 INFO  [main] [o.s.d.j.r.query.QueryEnhancerFactory] - Hibernate is in classpath; If applicable, HQL parser will be used.
2024-05-28 10:57:39.069 WARN  [main] [o.s.b.a.o.j.JpaBaseConfiguration$JpaWebConfiguration] - spring.jpa.open-in-view is enabled by default. Therefore, database queries may be performed during view rendering. Explicitly configure spring.jpa.open-in-view to disable this warning
2024-05-28 10:57:39.791 INFO  [main] [o.s.s.web.DefaultSecurityFilterChain] - Will secure any request with [org.springframework.security.web.session.DisableEncodeUrlFilter@22d460fe, org.springframework.security.web.context.request.async.WebAsyncManagerIntegrationFilter@765d3e41, org.springframework.security.web.context.SecurityContextHolderFilter@21d99a6b, org.springframework.security.web.header.HeaderWriterFilter@1b618413, org.springframework.web.filter.CorsFilter@27f71195, org.springframework.web.filter.CorsFilter@27f71195, org.springframework.security.web.authentication.logout.LogoutFilter@497b783, com.kkosoonnae.config.jwt.JwtAuthenticationFilter@3982832f, org.springframework.security.web.savedrequest.RequestCacheAwareFilter@63822d44, org.springframework.security.web.servletapi.SecurityContextHolderAwareRequestFilter@12d89095, org.springframework.security.web.authentication.AnonymousAuthenticationFilter@60c4d706, org.springframework.security.web.session.SessionManagementFilter@2b97a1fb, org.springframework.security.web.access.ExceptionTranslationFilter@7fd68450, org.springframework.security.web.access.intercept.AuthorizationFilter@b889306]
2024-05-28 10:57:40.044 INFO  [main] [o.apache.coyote.http11.Http11NioProtocol] - Starting ProtocolHandler ["http-nio-8080"]
2024-05-28 10:57:40.063 INFO  [main] [o.s.b.w.embedded.tomcat.TomcatWebServer] - Tomcat started on port 8080 (http) with context path ''
2024-05-28 10:57:40.072 INFO  [main] [com.kkosoonnae.KkosoonnaeApplication] - Started KkosoonnaeApplication in 6.754 seconds (process running for 7.489)
2024-05-28 10:57:56.183 INFO  [http-nio-8080-exec-1] [o.a.c.c.C.[Tomcat].[localhost].[/]] - Initializing Spring DispatcherServlet 'dispatcherServlet'
2024-05-28 10:57:56.183 INFO  [http-nio-8080-exec-1] [o.s.web.servlet.DispatcherServlet] - Initializing Servlet 'dispatcherServlet'
2024-05-28 10:57:56.185 INFO  [http-nio-8080-exec-1] [o.s.web.servlet.DispatcherServlet] - Completed initialization in 2 ms
2024-05-28 10:57:58.139 INFO  [http-nio-8080-exec-9] [o.springdoc.api.AbstractOpenApiResource] - Init duration for springdoc-openapi is: 590 ms
2024-05-28 10:58:14.022 ERROR [http-nio-8080-exec-4] [o.a.c.c.C.[.[.[/].[dispatcherServlet]] - Servlet.service() for servlet [dispatcherServlet] in context with path [] threw exception [Request processing failed: java.lang.IllegalStateException: Ambiguous handler methods mapped for '/KkoSoonNae/customer/test1': {public org.springframework.http.ResponseEntity com.kkosoonnae.customer.controller.CustomerController.validationLoginId(java.lang.String), public org.springframework.http.ResponseEntity com.kkosoonnae.customer.controller.CustomerController.validationNickName(java.lang.String)}] with root cause
java.lang.IllegalStateException: Ambiguous handler methods mapped for '/KkoSoonNae/customer/test1': {public org.springframework.http.ResponseEntity com.kkosoonnae.customer.controller.CustomerController.validationLoginId(java.lang.String), public org.springframework.http.ResponseEntity com.kkosoonnae.customer.controller.CustomerController.validationNickName(java.lang.String)}
	at org.springframework.web.servlet.handler.AbstractHandlerMethodMapping.lookupHandlerMethod(AbstractHandlerMethodMapping.java:431)
	at org.springframework.web.servlet.handler.AbstractHandlerMethodMapping.getHandlerInternal(AbstractHandlerMethodMapping.java:382)
	at org.springframework.web.servlet.mvc.method.RequestMappingInfoHandlerMapping.getHandlerInternal(RequestMappingInfoHandlerMapping.java:127)
	at org.springframework.web.servlet.mvc.method.RequestMappingInfoHandlerMapping.getHandlerInternal(RequestMappingInfoHandlerMapping.java:68)
	at org.springframework.web.servlet.handler.AbstractHandlerMapping.getHandler(AbstractHandlerMapping.java:507)
	at org.springframework.web.servlet.DispatcherServlet.getHandler(DispatcherServlet.java:1283)
	at org.springframework.web.servlet.DispatcherServlet.doDispatch(DispatcherServlet.java:1065)
	at org.springframework.web.servlet.DispatcherServlet.doService(DispatcherServlet.java:979)
	at org.springframework.web.servlet.FrameworkServlet.processRequest(FrameworkServlet.java:1014)
	at org.springframework.web.servlet.FrameworkServlet.doGet(FrameworkServlet.java:903)
	at jakarta.servlet.http.HttpServlet.service(HttpServlet.java:564)
	at org.springframework.web.servlet.FrameworkServlet.service(FrameworkServlet.java:885)
	at jakarta.servlet.http.HttpServlet.service(HttpServlet.java:658)
	at org.apache.catalina.core.ApplicationFilterChain.internalDoFilter(ApplicationFilterChain.java:206)
	at org.apache.catalina.core.ApplicationFilterChain.doFilter(ApplicationFilterChain.java:150)
	at org.apache.tomcat.websocket.server.WsFilter.doFilter(WsFilter.java:51)
	at org.apache.catalina.core.ApplicationFilterChain.internalDoFilter(ApplicationFilterChain.java:175)
	at org.apache.catalina.core.ApplicationFilterChain.doFilter(ApplicationFilterChain.java:150)
	at org.springframework.web.filter.OncePerRequestFilter.doFilter(OncePerRequestFilter.java:110)
	at org.apache.catalina.core.ApplicationFilterChain.internalDoFilter(ApplicationFilterChain.java:175)
	at org.apache.catalina.core.ApplicationFilterChain.doFilter(ApplicationFilterChain.java:150)
	at org.springframework.web.filter.CompositeFilter$VirtualFilterChain.doFilter(CompositeFilter.java:108)
	at org.springframework.security.web.FilterChainProxy.lambda$doFilterInternal$3(FilterChainProxy.java:231)
	at org.springframework.security.web.FilterChainProxy$VirtualFilterChain.doFilter(FilterChainProxy.java:365)
	at org.springframework.security.web.access.intercept.AuthorizationFilter.doFilter(AuthorizationFilter.java:100)
	at org.springframework.security.web.FilterChainProxy$VirtualFilterChain.doFilter(FilterChainProxy.java:374)
	at org.springframework.security.web.access.ExceptionTranslationFilter.doFilter(ExceptionTranslationFilter.java:126)
	at org.springframework.security.web.access.ExceptionTranslationFilter.doFilter(ExceptionTranslationFilter.java:120)
	at org.springframework.security.web.FilterChainProxy$VirtualFilterChain.doFilter(FilterChainProxy.java:374)
	at org.springframework.security.web.session.SessionManagementFilter.doFilter(SessionManagementFilter.java:131)
	at org.springframework.security.web.session.SessionManagementFilter.doFilter(SessionManagementFilter.java:85)
	at org.springframework.security.web.FilterChainProxy$VirtualFilterChain.doFilter(FilterChainProxy.java:374)
	at org.springframework.security.web.authentication.AnonymousAuthenticationFilter.doFilter(AnonymousAuthenticationFilter.java:100)
	at org.springframework.security.web.FilterChainProxy$VirtualFilterChain.doFilter(FilterChainProxy.java:374)
	at org.springframework.security.web.servletapi.SecurityContextHolderAwareRequestFilter.doFilter(SecurityContextHolderAwareRequestFilter.java:179)
	at org.springframework.security.web.FilterChainProxy$VirtualFilterChain.doFilter(FilterChainProxy.java:374)
	at org.springframework.security.web.savedrequest.RequestCacheAwareFilter.doFilter(RequestCacheAwareFilter.java:63)
	at org.springframework.security.web.FilterChainProxy$VirtualFilterChain.doFilter(FilterChainProxy.java:374)
	at com.kkosoonnae.config.jwt.JwtAuthenticationFilter.doFilterInternal(JwtAuthenticationFilter.java:42)
	at org.springframework.web.filter.OncePerRequestFilter.doFilter(OncePerRequestFilter.java:116)
	at org.springframework.security.web.FilterChainProxy$VirtualFilterChain.doFilter(FilterChainProxy.java:374)
	at org.springframework.security.web.authentication.logout.LogoutFilter.doFilter(LogoutFilter.java:107)
	at org.springframework.security.web.authentication.logout.LogoutFilter.doFilter(LogoutFilter.java:93)
	at org.springframework.security.web.FilterChainProxy$VirtualFilterChain.doFilter(FilterChainProxy.java:374)
	at org.springframework.web.filter.OncePerRequestFilter.doFilter(OncePerRequestFilter.java:110)
	at org.springframework.security.web.FilterChainProxy$VirtualFilterChain.doFilter(FilterChainProxy.java:374)
	at org.springframework.web.filter.CorsFilter.doFilterInternal(CorsFilter.java:91)
	at org.springframework.web.filter.OncePerRequestFilter.doFilter(OncePerRequestFilter.java:116)
	at org.springframework.security.web.FilterChainProxy$VirtualFilterChain.doFilter(FilterChainProxy.java:374)
	at org.springframework.security.web.header.HeaderWriterFilter.doHeadersAfter(HeaderWriterFilter.java:90)
	at org.springframework.security.web.header.HeaderWriterFilter.doFilterInternal(HeaderWriterFilter.java:75)
	at org.springframework.web.filter.OncePerRequestFilter.doFilter(OncePerRequestFilter.java:116)
	at org.springframework.security.web.FilterChainProxy$VirtualFilterChain.doFilter(FilterChainProxy.java:374)
	at org.springframework.security.web.context.SecurityContextHolderFilter.doFilter(SecurityContextHolderFilter.java:82)
	at org.springframework.security.web.context.SecurityContextHolderFilter.doFilter(SecurityContextHolderFilter.java:69)
	at org.springframework.security.web.FilterChainProxy$VirtualFilterChain.doFilter(FilterChainProxy.java:374)
	at org.springframework.security.web.context.request.async.WebAsyncManagerIntegrationFilter.doFilterInternal(WebAsyncManagerIntegrationFilter.java:62)
	at org.springframework.web.filter.OncePerRequestFilter.doFilter(OncePerRequestFilter.java:116)
	at org.springframework.security.web.FilterChainProxy$VirtualFilterChain.doFilter(FilterChainProxy.java:374)
	at org.springframework.security.web.session.DisableEncodeUrlFilter.doFilterInternal(DisableEncodeUrlFilter.java:42)
	at org.springframework.web.filter.OncePerRequestFilter.doFilter(OncePerRequestFilter.java:116)
	at org.springframework.security.web.FilterChainProxy$VirtualFilterChain.doFilter(FilterChainProxy.java:374)
	at org.springframework.security.web.FilterChainProxy.doFilterInternal(FilterChainProxy.java:233)
	at org.springframework.security.web.FilterChainProxy.doFilter(FilterChainProxy.java:191)
	at org.springframework.web.filter.CompositeFilter$VirtualFilterChain.doFilter(CompositeFilter.java:113)
	at org.springframework.web.servlet.handler.HandlerMappingIntrospector.lambda$createCacheFilter$3(HandlerMappingIntrospector.java:195)
	at org.springframework.web.filter.CompositeFilter$VirtualFilterChain.doFilter(CompositeFilter.java:113)
	at org.springframework.web.filter.CompositeFilter.doFilter(CompositeFilter.java:74)
	at org.springframework.security.config.annotation.web.configuration.WebMvcSecurityConfiguration$CompositeFilterChainProxy.doFilter(WebMvcSecurityConfiguration.java:230)
	at org.springframework.web.filter.DelegatingFilterProxy.invokeDelegate(DelegatingFilterProxy.java:352)
	at org.springframework.web.filter.DelegatingFilterProxy.doFilter(DelegatingFilterProxy.java:268)
	at org.apache.catalina.core.ApplicationFilterChain.internalDoFilter(ApplicationFilterChain.java:175)
	at org.apache.catalina.core.ApplicationFilterChain.doFilter(ApplicationFilterChain.java:150)
	at org.springframework.web.filter.RequestContextFilter.doFilterInternal(RequestContextFilter.java:100)
	at org.springframework.web.filter.OncePerRequestFilter.doFilter(OncePerRequestFilter.java:116)
	at org.apache.catalina.core.ApplicationFilterChain.internalDoFilter(ApplicationFilterChain.java:175)
	at org.apache.catalina.core.ApplicationFilterChain.doFilter(ApplicationFilterChain.java:150)
	at org.springframework.web.filter.FormContentFilter.doFilterInternal(FormContentFilter.java:93)
	at org.springframework.web.filter.OncePerRequestFilter.doFilter(OncePerRequestFilter.java:116)
	at org.apache.catalina.core.ApplicationFilterChain.internalDoFilter(ApplicationFilterChain.java:175)
	at org.apache.catalina.core.ApplicationFilterChain.doFilter(ApplicationFilterChain.java:150)
	at org.springframework.web.filter.CharacterEncodingFilter.doFilterInternal(CharacterEncodingFilter.java:201)
	at org.springframework.web.filter.OncePerRequestFilter.doFilter(OncePerRequestFilter.java:116)
	at org.apache.catalina.core.ApplicationFilterChain.internalDoFilter(ApplicationFilterChain.java:175)
	at org.apache.catalina.core.ApplicationFilterChain.doFilter(ApplicationFilterChain.java:150)
	at org.apache.catalina.core.StandardWrapperValve.invoke(StandardWrapperValve.java:167)
	at org.apache.catalina.core.StandardContextValve.invoke(StandardContextValve.java:90)
	at org.apache.catalina.authenticator.AuthenticatorBase.invoke(AuthenticatorBase.java:482)
	at org.apache.catalina.core.StandardHostValve.invoke(StandardHostValve.java:115)
	at org.apache.catalina.valves.ErrorReportValve.invoke(ErrorReportValve.java:93)
	at org.apache.catalina.core.StandardEngineValve.invoke(StandardEngineValve.java:74)
	at org.apache.catalina.connector.CoyoteAdapter.service(CoyoteAdapter.java:344)
	at org.apache.coyote.http11.Http11Processor.service(Http11Processor.java:391)
	at org.apache.coyote.AbstractProcessorLight.process(AbstractProcessorLight.java:63)
	at org.apache.coyote.AbstractProtocol$ConnectionHandler.process(AbstractProtocol.java:896)
	at org.apache.tomcat.util.net.NioEndpoint$SocketProcessor.doRun(NioEndpoint.java:1736)
	at org.apache.tomcat.util.net.SocketProcessorBase.run(SocketProcessorBase.java:52)
	at org.apache.tomcat.util.threads.ThreadPoolExecutor.runWorker(ThreadPoolExecutor.java:1191)
	at org.apache.tomcat.util.threads.ThreadPoolExecutor$Worker.run(ThreadPoolExecutor.java:659)
	at org.apache.tomcat.util.threads.TaskThread$WrappingRunnable.run(TaskThread.java:63)
	at java.base/java.lang.Thread.run(Thread.java:840)
2024-05-28 11:06:31.609 INFO  [SpringApplicationShutdownHook] [o.s.o.j.LocalContainerEntityManagerFactoryBean] - Closing JPA EntityManagerFactory for persistence unit 'default'
2024-05-28 11:06:31.610 INFO  [SpringApplicationShutdownHook] [com.zaxxer.hikari.HikariDataSource] - HikariPool-1 - Shutdown initiated...
2024-05-28 11:06:31.617 INFO  [SpringApplicationShutdownHook] [com.zaxxer.hikari.HikariDataSource] - HikariPool-1 - Shutdown completed.
2024-05-28 11:06:36.644 INFO  [background-preinit] [o.h.validator.internal.util.Version] - HV000001: Hibernate Validator 8.0.1.Final
2024-05-28 11:06:36.684 INFO  [main] [com.kkosoonnae.KkosoonnaeApplication] - Starting KkosoonnaeApplication using Java 17.0.10 with PID 11348 (C:\Users\hagjoon\OneDrive\바탕 화면\supercoding\KkoSoonNae-BE\build\classes\java\main started by hagjoon in C:\Users\hagjoon\OneDrive\바탕 화면\supercoding\KkoSoonNae-BE)
2024-05-28 11:06:36.685 INFO  [main] [com.kkosoonnae.KkosoonnaeApplication] - The following 3 profiles are active: "local", "jwt", "aws"
2024-05-28 11:06:37.326 INFO  [main] [o.s.d.r.c.RepositoryConfigurationDelegate] - Bootstrapping Spring Data JPA repositories in DEFAULT mode.
2024-05-28 11:06:37.403 INFO  [main] [o.s.d.r.c.RepositoryConfigurationDelegate] - Finished Spring Data repository scanning in 69 ms. Found 16 JPA repository interfaces.
2024-05-28 11:06:38.138 INFO  [main] [o.s.b.w.embedded.tomcat.TomcatWebServer] - Tomcat initialized with port 8080 (http)
2024-05-28 11:06:38.148 INFO  [main] [o.apache.coyote.http11.Http11NioProtocol] - Initializing ProtocolHandler ["http-nio-8080"]
2024-05-28 11:06:38.150 INFO  [main] [o.apache.catalina.core.StandardService] - Starting service [Tomcat]
2024-05-28 11:06:38.151 INFO  [main] [org.apache.catalina.core.StandardEngine] - Starting Servlet engine: [Apache Tomcat/10.1.20]
2024-05-28 11:06:38.222 INFO  [main] [o.a.c.c.C.[Tomcat].[localhost].[/]] - Initializing Spring embedded WebApplicationContext
2024-05-28 11:06:38.223 INFO  [main] [o.s.b.w.s.c.ServletWebServerApplicationContext] - Root WebApplicationContext: initialization completed in 1504 ms
2024-05-28 11:06:38.366 INFO  [main] [o.hibernate.jpa.internal.util.LogHelper] - HHH000204: Processing PersistenceUnitInfo [name: default]
2024-05-28 11:06:38.425 INFO  [main] [org.hibernate.Version] - HHH000412: Hibernate ORM core version 6.4.4.Final
2024-05-28 11:06:38.460 INFO  [main] [o.h.c.internal.RegionFactoryInitiator] - HHH000026: Second-level cache disabled
2024-05-28 11:06:38.822 INFO  [main] [o.s.o.j.p.SpringPersistenceUnitInfo] - No LoadTimeWeaver setup: ignoring JPA class transformer
2024-05-28 11:06:38.847 INFO  [main] [com.zaxxer.hikari.HikariDataSource] - HikariPool-1 - Starting...
2024-05-28 11:06:38.977 INFO  [main] [com.zaxxer.hikari.pool.HikariPool] - HikariPool-1 - Added connection com.mysql.cj.jdbc.ConnectionImpl@12a9e864
2024-05-28 11:06:38.979 INFO  [main] [com.zaxxer.hikari.HikariDataSource] - HikariPool-1 - Start completed.
2024-05-28 11:06:39.014 WARN  [main] [org.hibernate.orm.deprecation] - HHH90000025: MySQL8Dialect does not need to be specified explicitly using 'hibernate.dialect' (remove the property setting and it will be selected by default)
2024-05-28 11:06:39.015 WARN  [main] [org.hibernate.orm.deprecation] - HHH90000026: MySQL8Dialect has been deprecated; use org.hibernate.dialect.MySQLDialect instead
2024-05-28 11:06:39.979 INFO  [main] [o.h.e.t.j.p.i.JtaPlatformInitiator] - HHH000489: No JTA platform available (set 'hibernate.transaction.jta.platform' to enable JTA platform integration)
2024-05-28 11:06:39.982 INFO  [main] [o.s.o.j.LocalContainerEntityManagerFactoryBean] - Initialized JPA EntityManagerFactory for persistence unit 'default'
2024-05-28 11:06:40.164 INFO  [main] [o.s.d.j.r.query.QueryEnhancerFactory] - Hibernate is in classpath; If applicable, HQL parser will be used.
2024-05-28 11:06:41.464 WARN  [main] [o.s.b.a.o.j.JpaBaseConfiguration$JpaWebConfiguration] - spring.jpa.open-in-view is enabled by default. Therefore, database queries may be performed during view rendering. Explicitly configure spring.jpa.open-in-view to disable this warning
2024-05-28 11:06:42.222 INFO  [main] [o.s.s.web.DefaultSecurityFilterChain] - Will secure any request with [org.springframework.security.web.session.DisableEncodeUrlFilter@b889306, org.springframework.security.web.context.request.async.WebAsyncManagerIntegrationFilter@32bd7445, org.springframework.security.web.context.SecurityContextHolderFilter@14680d29, org.springframework.security.web.header.HeaderWriterFilter@7fd68450, org.springframework.web.filter.CorsFilter@23e61112, org.springframework.web.filter.CorsFilter@23e61112, org.springframework.security.web.authentication.logout.LogoutFilter@144316a6, com.kkosoonnae.config.jwt.JwtAuthenticationFilter@22d460fe, org.springframework.security.web.savedrequest.RequestCacheAwareFilter@21d99a6b, org.springframework.security.web.servletapi.SecurityContextHolderAwareRequestFilter@37d77fd2, org.springframework.security.web.authentication.AnonymousAuthenticationFilter@765d3e41, org.springframework.security.web.session.SessionManagementFilter@1b618413, org.springframework.security.web.access.ExceptionTranslationFilter@1208fe55, org.springframework.security.web.access.intercept.AuthorizationFilter@3e65c397]
2024-05-28 11:06:42.462 INFO  [main] [o.apache.coyote.http11.Http11NioProtocol] - Starting ProtocolHandler ["http-nio-8080"]
2024-05-28 11:06:42.482 INFO  [main] [o.s.b.w.embedded.tomcat.TomcatWebServer] - Tomcat started on port 8080 (http) with context path ''
2024-05-28 11:06:42.492 INFO  [main] [com.kkosoonnae.KkosoonnaeApplication] - Started KkosoonnaeApplication in 6.316 seconds (process running for 7.003)
2024-05-28 11:08:49.463 INFO  [SpringApplicationShutdownHook] [o.s.o.j.LocalContainerEntityManagerFactoryBean] - Closing JPA EntityManagerFactory for persistence unit 'default'
2024-05-28 11:08:49.464 INFO  [SpringApplicationShutdownHook] [com.zaxxer.hikari.HikariDataSource] - HikariPool-1 - Shutdown initiated...
2024-05-28 11:08:49.470 INFO  [SpringApplicationShutdownHook] [com.zaxxer.hikari.HikariDataSource] - HikariPool-1 - Shutdown completed.
2024-05-28 11:08:52.347 INFO  [background-preinit] [o.h.validator.internal.util.Version] - HV000001: Hibernate Validator 8.0.1.Final
2024-05-28 11:08:52.383 INFO  [main] [com.kkosoonnae.KkosoonnaeApplication] - Starting KkosoonnaeApplication using Java 17.0.10 with PID 28256 (C:\Users\hagjoon\OneDrive\바탕 화면\supercoding\KkoSoonNae-BE\build\classes\java\main started by hagjoon in C:\Users\hagjoon\OneDrive\바탕 화면\supercoding\KkoSoonNae-BE)
2024-05-28 11:08:52.384 INFO  [main] [com.kkosoonnae.KkosoonnaeApplication] - The following 3 profiles are active: "local", "jwt", "aws"
2024-05-28 11:08:52.919 INFO  [main] [o.s.d.r.c.RepositoryConfigurationDelegate] - Bootstrapping Spring Data JPA repositories in DEFAULT mode.
2024-05-28 11:08:52.988 INFO  [main] [o.s.d.r.c.RepositoryConfigurationDelegate] - Finished Spring Data repository scanning in 62 ms. Found 16 JPA repository interfaces.
2024-05-28 11:08:53.606 INFO  [main] [o.s.b.w.embedded.tomcat.TomcatWebServer] - Tomcat initialized with port 8080 (http)
2024-05-28 11:08:53.613 INFO  [main] [o.apache.coyote.http11.Http11NioProtocol] - Initializing ProtocolHandler ["http-nio-8080"]
2024-05-28 11:08:53.615 INFO  [main] [o.apache.catalina.core.StandardService] - Starting service [Tomcat]
2024-05-28 11:08:53.615 INFO  [main] [org.apache.catalina.core.StandardEngine] - Starting Servlet engine: [Apache Tomcat/10.1.20]
2024-05-28 11:08:53.681 INFO  [main] [o.a.c.c.C.[Tomcat].[localhost].[/]] - Initializing Spring embedded WebApplicationContext
2024-05-28 11:08:53.681 INFO  [main] [o.s.b.w.s.c.ServletWebServerApplicationContext] - Root WebApplicationContext: initialization completed in 1264 ms
2024-05-28 11:08:53.809 INFO  [main] [o.hibernate.jpa.internal.util.LogHelper] - HHH000204: Processing PersistenceUnitInfo [name: default]
2024-05-28 11:08:53.865 INFO  [main] [org.hibernate.Version] - HHH000412: Hibernate ORM core version 6.4.4.Final
2024-05-28 11:08:53.898 INFO  [main] [o.h.c.internal.RegionFactoryInitiator] - HHH000026: Second-level cache disabled
2024-05-28 11:08:54.234 INFO  [main] [o.s.o.j.p.SpringPersistenceUnitInfo] - No LoadTimeWeaver setup: ignoring JPA class transformer
2024-05-28 11:08:54.258 INFO  [main] [com.zaxxer.hikari.HikariDataSource] - HikariPool-1 - Starting...
2024-05-28 11:08:54.383 INFO  [main] [com.zaxxer.hikari.pool.HikariPool] - HikariPool-1 - Added connection com.mysql.cj.jdbc.ConnectionImpl@14d36bb2
2024-05-28 11:08:54.385 INFO  [main] [com.zaxxer.hikari.HikariDataSource] - HikariPool-1 - Start completed.
2024-05-28 11:08:54.419 WARN  [main] [org.hibernate.orm.deprecation] - HHH90000025: MySQL8Dialect does not need to be specified explicitly using 'hibernate.dialect' (remove the property setting and it will be selected by default)
2024-05-28 11:08:54.420 WARN  [main] [org.hibernate.orm.deprecation] - HHH90000026: MySQL8Dialect has been deprecated; use org.hibernate.dialect.MySQLDialect instead
2024-05-28 11:08:55.351 INFO  [main] [o.h.e.t.j.p.i.JtaPlatformInitiator] - HHH000489: No JTA platform available (set 'hibernate.transaction.jta.platform' to enable JTA platform integration)
2024-05-28 11:08:55.354 INFO  [main] [o.s.o.j.LocalContainerEntityManagerFactoryBean] - Initialized JPA EntityManagerFactory for persistence unit 'default'
2024-05-28 11:08:55.521 INFO  [main] [o.s.d.j.r.query.QueryEnhancerFactory] - Hibernate is in classpath; If applicable, HQL parser will be used.
2024-05-28 11:08:56.771 WARN  [main] [o.s.b.a.o.j.JpaBaseConfiguration$JpaWebConfiguration] - spring.jpa.open-in-view is enabled by default. Therefore, database queries may be performed during view rendering. Explicitly configure spring.jpa.open-in-view to disable this warning
2024-05-28 11:08:57.405 INFO  [main] [o.s.s.web.DefaultSecurityFilterChain] - Will secure any request with [org.springframework.security.web.session.DisableEncodeUrlFilter@50d8c98c, org.springframework.security.web.context.request.async.WebAsyncManagerIntegrationFilter@272670c8, org.springframework.security.web.context.SecurityContextHolderFilter@407c974c, org.springframework.security.web.header.HeaderWriterFilter@3e1ec8ed, org.springframework.web.filter.CorsFilter@7d484fcd, org.springframework.web.filter.CorsFilter@7d484fcd, org.springframework.security.web.authentication.logout.LogoutFilter@40aabc7b, com.kkosoonnae.config.jwt.JwtAuthenticationFilter@3e5b2c9a, org.springframework.security.web.savedrequest.RequestCacheAwareFilter@496361cd, org.springframework.security.web.servletapi.SecurityContextHolderAwareRequestFilter@37e92213, org.springframework.security.web.authentication.AnonymousAuthenticationFilter@2743e9b5, org.springframework.security.web.session.SessionManagementFilter@3b66175, org.springframework.security.web.access.ExceptionTranslationFilter@54d8774c, org.springframework.security.web.access.intercept.AuthorizationFilter@1e80fc9a]
2024-05-28 11:08:57.614 INFO  [main] [o.apache.coyote.http11.Http11NioProtocol] - Starting ProtocolHandler ["http-nio-8080"]
2024-05-28 11:08:57.634 INFO  [main] [o.s.b.w.embedded.tomcat.TomcatWebServer] - Tomcat started on port 8080 (http) with context path ''
2024-05-28 11:08:57.644 INFO  [main] [com.kkosoonnae.KkosoonnaeApplication] - Started KkosoonnaeApplication in 5.727 seconds (process running for 6.3)
2024-05-28 11:09:00.921 INFO  [http-nio-8080-exec-1] [o.a.c.c.C.[Tomcat].[localhost].[/]] - Initializing Spring DispatcherServlet 'dispatcherServlet'
2024-05-28 11:09:00.922 INFO  [http-nio-8080-exec-1] [o.s.web.servlet.DispatcherServlet] - Initializing Servlet 'dispatcherServlet'
2024-05-28 11:09:00.923 INFO  [http-nio-8080-exec-1] [o.s.web.servlet.DispatcherServlet] - Completed initialization in 1 ms
2024-05-28 11:09:01.822 INFO  [http-nio-8080-exec-9] [o.springdoc.api.AbstractOpenApiResource] - Init duration for springdoc-openapi is: 334 ms
2024-05-28 11:09:11.796 ERROR [http-nio-8080-exec-10] [o.a.c.c.C.[.[.[/].[dispatcherServlet]] - Servlet.service() for servlet [dispatcherServlet] in context with path [] threw exception [Request processing failed: java.lang.IllegalStateException: Ambiguous handler methods mapped for '/KkoSoonNae/customer/check/test1': {public org.springframework.http.ResponseEntity com.kkosoonnae.customer.controller.CustomerController.validationNickName(java.lang.String), public org.springframework.http.ResponseEntity com.kkosoonnae.customer.controller.CustomerController.validationLoginId(java.lang.String)}] with root cause
java.lang.IllegalStateException: Ambiguous handler methods mapped for '/KkoSoonNae/customer/check/test1': {public org.springframework.http.ResponseEntity com.kkosoonnae.customer.controller.CustomerController.validationNickName(java.lang.String), public org.springframework.http.ResponseEntity com.kkosoonnae.customer.controller.CustomerController.validationLoginId(java.lang.String)}
	at org.springframework.web.servlet.handler.AbstractHandlerMethodMapping.lookupHandlerMethod(AbstractHandlerMethodMapping.java:431)
	at org.springframework.web.servlet.handler.AbstractHandlerMethodMapping.getHandlerInternal(AbstractHandlerMethodMapping.java:382)
	at org.springframework.web.servlet.mvc.method.RequestMappingInfoHandlerMapping.getHandlerInternal(RequestMappingInfoHandlerMapping.java:127)
	at org.springframework.web.servlet.mvc.method.RequestMappingInfoHandlerMapping.getHandlerInternal(RequestMappingInfoHandlerMapping.java:68)
	at org.springframework.web.servlet.handler.AbstractHandlerMapping.getHandler(AbstractHandlerMapping.java:507)
	at org.springframework.web.servlet.DispatcherServlet.getHandler(DispatcherServlet.java:1283)
	at org.springframework.web.servlet.DispatcherServlet.doDispatch(DispatcherServlet.java:1065)
	at org.springframework.web.servlet.DispatcherServlet.doService(DispatcherServlet.java:979)
	at org.springframework.web.servlet.FrameworkServlet.processRequest(FrameworkServlet.java:1014)
	at org.springframework.web.servlet.FrameworkServlet.doGet(FrameworkServlet.java:903)
	at jakarta.servlet.http.HttpServlet.service(HttpServlet.java:564)
	at org.springframework.web.servlet.FrameworkServlet.service(FrameworkServlet.java:885)
	at jakarta.servlet.http.HttpServlet.service(HttpServlet.java:658)
	at org.apache.catalina.core.ApplicationFilterChain.internalDoFilter(ApplicationFilterChain.java:206)
	at org.apache.catalina.core.ApplicationFilterChain.doFilter(ApplicationFilterChain.java:150)
	at org.apache.tomcat.websocket.server.WsFilter.doFilter(WsFilter.java:51)
	at org.apache.catalina.core.ApplicationFilterChain.internalDoFilter(ApplicationFilterChain.java:175)
	at org.apache.catalina.core.ApplicationFilterChain.doFilter(ApplicationFilterChain.java:150)
	at org.springframework.web.filter.OncePerRequestFilter.doFilter(OncePerRequestFilter.java:110)
	at org.apache.catalina.core.ApplicationFilterChain.internalDoFilter(ApplicationFilterChain.java:175)
	at org.apache.catalina.core.ApplicationFilterChain.doFilter(ApplicationFilterChain.java:150)
	at org.springframework.web.filter.CompositeFilter$VirtualFilterChain.doFilter(CompositeFilter.java:108)
	at org.springframework.security.web.FilterChainProxy.lambda$doFilterInternal$3(FilterChainProxy.java:231)
	at org.springframework.security.web.FilterChainProxy$VirtualFilterChain.doFilter(FilterChainProxy.java:365)
	at org.springframework.security.web.access.intercept.AuthorizationFilter.doFilter(AuthorizationFilter.java:100)
	at org.springframework.security.web.FilterChainProxy$VirtualFilterChain.doFilter(FilterChainProxy.java:374)
	at org.springframework.security.web.access.ExceptionTranslationFilter.doFilter(ExceptionTranslationFilter.java:126)
	at org.springframework.security.web.access.ExceptionTranslationFilter.doFilter(ExceptionTranslationFilter.java:120)
	at org.springframework.security.web.FilterChainProxy$VirtualFilterChain.doFilter(FilterChainProxy.java:374)
	at org.springframework.security.web.session.SessionManagementFilter.doFilter(SessionManagementFilter.java:131)
	at org.springframework.security.web.session.SessionManagementFilter.doFilter(SessionManagementFilter.java:85)
	at org.springframework.security.web.FilterChainProxy$VirtualFilterChain.doFilter(FilterChainProxy.java:374)
	at org.springframework.security.web.authentication.AnonymousAuthenticationFilter.doFilter(AnonymousAuthenticationFilter.java:100)
	at org.springframework.security.web.FilterChainProxy$VirtualFilterChain.doFilter(FilterChainProxy.java:374)
	at org.springframework.security.web.servletapi.SecurityContextHolderAwareRequestFilter.doFilter(SecurityContextHolderAwareRequestFilter.java:179)
	at org.springframework.security.web.FilterChainProxy$VirtualFilterChain.doFilter(FilterChainProxy.java:374)
	at org.springframework.security.web.savedrequest.RequestCacheAwareFilter.doFilter(RequestCacheAwareFilter.java:63)
	at org.springframework.security.web.FilterChainProxy$VirtualFilterChain.doFilter(FilterChainProxy.java:374)
	at com.kkosoonnae.config.jwt.JwtAuthenticationFilter.doFilterInternal(JwtAuthenticationFilter.java:42)
	at org.springframework.web.filter.OncePerRequestFilter.doFilter(OncePerRequestFilter.java:116)
	at org.springframework.security.web.FilterChainProxy$VirtualFilterChain.doFilter(FilterChainProxy.java:374)
	at org.springframework.security.web.authentication.logout.LogoutFilter.doFilter(LogoutFilter.java:107)
	at org.springframework.security.web.authentication.logout.LogoutFilter.doFilter(LogoutFilter.java:93)
	at org.springframework.security.web.FilterChainProxy$VirtualFilterChain.doFilter(FilterChainProxy.java:374)
	at org.springframework.web.filter.OncePerRequestFilter.doFilter(OncePerRequestFilter.java:110)
	at org.springframework.security.web.FilterChainProxy$VirtualFilterChain.doFilter(FilterChainProxy.java:374)
	at org.springframework.web.filter.CorsFilter.doFilterInternal(CorsFilter.java:91)
	at org.springframework.web.filter.OncePerRequestFilter.doFilter(OncePerRequestFilter.java:116)
	at org.springframework.security.web.FilterChainProxy$VirtualFilterChain.doFilter(FilterChainProxy.java:374)
	at org.springframework.security.web.header.HeaderWriterFilter.doHeadersAfter(HeaderWriterFilter.java:90)
	at org.springframework.security.web.header.HeaderWriterFilter.doFilterInternal(HeaderWriterFilter.java:75)
	at org.springframework.web.filter.OncePerRequestFilter.doFilter(OncePerRequestFilter.java:116)
	at org.springframework.security.web.FilterChainProxy$VirtualFilterChain.doFilter(FilterChainProxy.java:374)
	at org.springframework.security.web.context.SecurityContextHolderFilter.doFilter(SecurityContextHolderFilter.java:82)
	at org.springframework.security.web.context.SecurityContextHolderFilter.doFilter(SecurityContextHolderFilter.java:69)
	at org.springframework.security.web.FilterChainProxy$VirtualFilterChain.doFilter(FilterChainProxy.java:374)
	at org.springframework.security.web.context.request.async.WebAsyncManagerIntegrationFilter.doFilterInternal(WebAsyncManagerIntegrationFilter.java:62)
	at org.springframework.web.filter.OncePerRequestFilter.doFilter(OncePerRequestFilter.java:116)
	at org.springframework.security.web.FilterChainProxy$VirtualFilterChain.doFilter(FilterChainProxy.java:374)
	at org.springframework.security.web.session.DisableEncodeUrlFilter.doFilterInternal(DisableEncodeUrlFilter.java:42)
	at org.springframework.web.filter.OncePerRequestFilter.doFilter(OncePerRequestFilter.java:116)
	at org.springframework.security.web.FilterChainProxy$VirtualFilterChain.doFilter(FilterChainProxy.java:374)
	at org.springframework.security.web.FilterChainProxy.doFilterInternal(FilterChainProxy.java:233)
	at org.springframework.security.web.FilterChainProxy.doFilter(FilterChainProxy.java:191)
	at org.springframework.web.filter.CompositeFilter$VirtualFilterChain.doFilter(CompositeFilter.java:113)
	at org.springframework.web.servlet.handler.HandlerMappingIntrospector.lambda$createCacheFilter$3(HandlerMappingIntrospector.java:195)
	at org.springframework.web.filter.CompositeFilter$VirtualFilterChain.doFilter(CompositeFilter.java:113)
	at org.springframework.web.filter.CompositeFilter.doFilter(CompositeFilter.java:74)
	at org.springframework.security.config.annotation.web.configuration.WebMvcSecurityConfiguration$CompositeFilterChainProxy.doFilter(WebMvcSecurityConfiguration.java:230)
	at org.springframework.web.filter.DelegatingFilterProxy.invokeDelegate(DelegatingFilterProxy.java:352)
	at org.springframework.web.filter.DelegatingFilterProxy.doFilter(DelegatingFilterProxy.java:268)
	at org.apache.catalina.core.ApplicationFilterChain.internalDoFilter(ApplicationFilterChain.java:175)
	at org.apache.catalina.core.ApplicationFilterChain.doFilter(ApplicationFilterChain.java:150)
	at org.springframework.web.filter.RequestContextFilter.doFilterInternal(RequestContextFilter.java:100)
	at org.springframework.web.filter.OncePerRequestFilter.doFilter(OncePerRequestFilter.java:116)
	at org.apache.catalina.core.ApplicationFilterChain.internalDoFilter(ApplicationFilterChain.java:175)
	at org.apache.catalina.core.ApplicationFilterChain.doFilter(ApplicationFilterChain.java:150)
	at org.springframework.web.filter.FormContentFilter.doFilterInternal(FormContentFilter.java:93)
	at org.springframework.web.filter.OncePerRequestFilter.doFilter(OncePerRequestFilter.java:116)
	at org.apache.catalina.core.ApplicationFilterChain.internalDoFilter(ApplicationFilterChain.java:175)
	at org.apache.catalina.core.ApplicationFilterChain.doFilter(ApplicationFilterChain.java:150)
	at org.springframework.web.filter.CharacterEncodingFilter.doFilterInternal(CharacterEncodingFilter.java:201)
	at org.springframework.web.filter.OncePerRequestFilter.doFilter(OncePerRequestFilter.java:116)
	at org.apache.catalina.core.ApplicationFilterChain.internalDoFilter(ApplicationFilterChain.java:175)
	at org.apache.catalina.core.ApplicationFilterChain.doFilter(ApplicationFilterChain.java:150)
	at org.apache.catalina.core.StandardWrapperValve.invoke(StandardWrapperValve.java:167)
	at org.apache.catalina.core.StandardContextValve.invoke(StandardContextValve.java:90)
	at org.apache.catalina.authenticator.AuthenticatorBase.invoke(AuthenticatorBase.java:482)
	at org.apache.catalina.core.StandardHostValve.invoke(StandardHostValve.java:115)
	at org.apache.catalina.valves.ErrorReportValve.invoke(ErrorReportValve.java:93)
	at org.apache.catalina.core.StandardEngineValve.invoke(StandardEngineValve.java:74)
	at org.apache.catalina.connector.CoyoteAdapter.service(CoyoteAdapter.java:344)
	at org.apache.coyote.http11.Http11Processor.service(Http11Processor.java:391)
	at org.apache.coyote.AbstractProcessorLight.process(AbstractProcessorLight.java:63)
	at org.apache.coyote.AbstractProtocol$ConnectionHandler.process(AbstractProtocol.java:896)
	at org.apache.tomcat.util.net.NioEndpoint$SocketProcessor.doRun(NioEndpoint.java:1736)
	at org.apache.tomcat.util.net.SocketProcessorBase.run(SocketProcessorBase.java:52)
	at org.apache.tomcat.util.threads.ThreadPoolExecutor.runWorker(ThreadPoolExecutor.java:1191)
	at org.apache.tomcat.util.threads.ThreadPoolExecutor$Worker.run(ThreadPoolExecutor.java:659)
	at org.apache.tomcat.util.threads.TaskThread$WrappingRunnable.run(TaskThread.java:63)
	at java.base/java.lang.Thread.run(Thread.java:840)
2024-05-28 11:14:29.744 INFO  [SpringApplicationShutdownHook] [o.s.o.j.LocalContainerEntityManagerFactoryBean] - Closing JPA EntityManagerFactory for persistence unit 'default'
2024-05-28 11:14:29.745 INFO  [SpringApplicationShutdownHook] [com.zaxxer.hikari.HikariDataSource] - HikariPool-1 - Shutdown initiated...
2024-05-28 11:14:29.751 INFO  [SpringApplicationShutdownHook] [com.zaxxer.hikari.HikariDataSource] - HikariPool-1 - Shutdown completed.
2024-05-28 11:14:34.195 INFO  [background-preinit] [o.h.validator.internal.util.Version] - HV000001: Hibernate Validator 8.0.1.Final
2024-05-28 11:14:34.234 INFO  [main] [com.kkosoonnae.KkosoonnaeApplication] - Starting KkosoonnaeApplication using Java 17.0.10 with PID 21156 (C:\Users\hagjoon\OneDrive\바탕 화면\supercoding\KkoSoonNae-BE\build\classes\java\main started by hagjoon in C:\Users\hagjoon\OneDrive\바탕 화면\supercoding\KkoSoonNae-BE)
2024-05-28 11:14:34.235 INFO  [main] [com.kkosoonnae.KkosoonnaeApplication] - The following 3 profiles are active: "local", "jwt", "aws"
2024-05-28 11:14:34.852 INFO  [main] [o.s.d.r.c.RepositoryConfigurationDelegate] - Bootstrapping Spring Data JPA repositories in DEFAULT mode.
2024-05-28 11:14:34.934 INFO  [main] [o.s.d.r.c.RepositoryConfigurationDelegate] - Finished Spring Data repository scanning in 74 ms. Found 16 JPA repository interfaces.
2024-05-28 11:14:35.642 INFO  [main] [o.s.b.w.embedded.tomcat.TomcatWebServer] - Tomcat initialized with port 8080 (http)
2024-05-28 11:14:35.650 INFO  [main] [o.apache.coyote.http11.Http11NioProtocol] - Initializing ProtocolHandler ["http-nio-8080"]
2024-05-28 11:14:35.652 INFO  [main] [o.apache.catalina.core.StandardService] - Starting service [Tomcat]
2024-05-28 11:14:35.652 INFO  [main] [org.apache.catalina.core.StandardEngine] - Starting Servlet engine: [Apache Tomcat/10.1.20]
2024-05-28 11:14:35.724 INFO  [main] [o.a.c.c.C.[Tomcat].[localhost].[/]] - Initializing Spring embedded WebApplicationContext
2024-05-28 11:14:35.727 INFO  [main] [o.s.b.w.s.c.ServletWebServerApplicationContext] - Root WebApplicationContext: initialization completed in 1455 ms
2024-05-28 11:14:35.866 INFO  [main] [o.hibernate.jpa.internal.util.LogHelper] - HHH000204: Processing PersistenceUnitInfo [name: default]
2024-05-28 11:14:35.926 INFO  [main] [org.hibernate.Version] - HHH000412: Hibernate ORM core version 6.4.4.Final
2024-05-28 11:14:35.961 INFO  [main] [o.h.c.internal.RegionFactoryInitiator] - HHH000026: Second-level cache disabled
2024-05-28 11:14:36.333 INFO  [main] [o.s.o.j.p.SpringPersistenceUnitInfo] - No LoadTimeWeaver setup: ignoring JPA class transformer
2024-05-28 11:14:36.359 INFO  [main] [com.zaxxer.hikari.HikariDataSource] - HikariPool-1 - Starting...
2024-05-28 11:14:36.490 INFO  [main] [com.zaxxer.hikari.pool.HikariPool] - HikariPool-1 - Added connection com.mysql.cj.jdbc.ConnectionImpl@3c6fc4cd
2024-05-28 11:14:36.492 INFO  [main] [com.zaxxer.hikari.HikariDataSource] - HikariPool-1 - Start completed.
2024-05-28 11:14:36.532 WARN  [main] [org.hibernate.orm.deprecation] - HHH90000025: MySQL8Dialect does not need to be specified explicitly using 'hibernate.dialect' (remove the property setting and it will be selected by default)
2024-05-28 11:14:36.533 WARN  [main] [org.hibernate.orm.deprecation] - HHH90000026: MySQL8Dialect has been deprecated; use org.hibernate.dialect.MySQLDialect instead
2024-05-28 11:14:37.616 INFO  [main] [o.h.e.t.j.p.i.JtaPlatformInitiator] - HHH000489: No JTA platform available (set 'hibernate.transaction.jta.platform' to enable JTA platform integration)
2024-05-28 11:14:37.619 INFO  [main] [o.s.o.j.LocalContainerEntityManagerFactoryBean] - Initialized JPA EntityManagerFactory for persistence unit 'default'
2024-05-28 11:14:37.856 INFO  [main] [o.s.d.j.r.query.QueryEnhancerFactory] - Hibernate is in classpath; If applicable, HQL parser will be used.
2024-05-28 11:14:39.181 WARN  [main] [o.s.b.a.o.j.JpaBaseConfiguration$JpaWebConfiguration] - spring.jpa.open-in-view is enabled by default. Therefore, database queries may be performed during view rendering. Explicitly configure spring.jpa.open-in-view to disable this warning
2024-05-28 11:14:39.818 INFO  [main] [o.s.s.web.DefaultSecurityFilterChain] - Will secure any request with [org.springframework.security.web.session.DisableEncodeUrlFilter@406287f2, org.springframework.security.web.context.request.async.WebAsyncManagerIntegrationFilter@b889306, org.springframework.security.web.context.SecurityContextHolderFilter@2b97a1fb, org.springframework.security.web.header.HeaderWriterFilter@6333003d, org.springframework.web.filter.CorsFilter@61b60600, org.springframework.web.filter.CorsFilter@61b60600, org.springframework.security.web.authentication.logout.LogoutFilter@3e1ec8ed, com.kkosoonnae.config.jwt.JwtAuthenticationFilter@32bd7445, org.springframework.security.web.savedrequest.RequestCacheAwareFilter@33e52ab, org.springframework.security.web.servletapi.SecurityContextHolderAwareRequestFilter@21d99a6b, org.springframework.security.web.authentication.AnonymousAuthenticationFilter@22d460fe, org.springframework.security.web.session.SessionManagementFilter@4ece21c9, org.springframework.security.web.access.ExceptionTranslationFilter@25329370, org.springframework.security.web.access.intercept.AuthorizationFilter@6cdabac8]
2024-05-28 11:14:40.064 INFO  [main] [o.apache.coyote.http11.Http11NioProtocol] - Starting ProtocolHandler ["http-nio-8080"]
2024-05-28 11:14:40.082 INFO  [main] [o.s.b.w.embedded.tomcat.TomcatWebServer] - Tomcat started on port 8080 (http) with context path ''
2024-05-28 11:14:40.091 INFO  [main] [com.kkosoonnae.KkosoonnaeApplication] - Started KkosoonnaeApplication in 6.397 seconds (process running for 7.107)
2024-05-28 11:14:42.424 INFO  [http-nio-8080-exec-1] [o.a.c.c.C.[Tomcat].[localhost].[/]] - Initializing Spring DispatcherServlet 'dispatcherServlet'
2024-05-28 11:14:42.424 INFO  [http-nio-8080-exec-1] [o.s.web.servlet.DispatcherServlet] - Initializing Servlet 'dispatcherServlet'
2024-05-28 11:14:42.425 INFO  [http-nio-8080-exec-1] [o.s.web.servlet.DispatcherServlet] - Completed initialization in 1 ms
2024-05-28 11:14:43.283 INFO  [http-nio-8080-exec-9] [o.springdoc.api.AbstractOpenApiResource] - Init duration for springdoc-openapi is: 341 ms
2024-05-28 11:14:50.953 ERROR [http-nio-8080-exec-10] [o.a.c.c.C.[.[.[/].[dispatcherServlet]] - Servlet.service() for servlet [dispatcherServlet] in context with path [] threw exception [Request processing failed: java.lang.IllegalStateException: Ambiguous handler methods mapped for '/KkoSoonNae/customer/validate/test1': {public org.springframework.http.ResponseEntity com.kkosoonnae.customer.controller.CustomerController.validationNickName(java.lang.String), public org.springframework.http.ResponseEntity com.kkosoonnae.customer.controller.CustomerController.validationLoginId(java.lang.String)}] with root cause
java.lang.IllegalStateException: Ambiguous handler methods mapped for '/KkoSoonNae/customer/validate/test1': {public org.springframework.http.ResponseEntity com.kkosoonnae.customer.controller.CustomerController.validationNickName(java.lang.String), public org.springframework.http.ResponseEntity com.kkosoonnae.customer.controller.CustomerController.validationLoginId(java.lang.String)}
	at org.springframework.web.servlet.handler.AbstractHandlerMethodMapping.lookupHandlerMethod(AbstractHandlerMethodMapping.java:431)
	at org.springframework.web.servlet.handler.AbstractHandlerMethodMapping.getHandlerInternal(AbstractHandlerMethodMapping.java:382)
	at org.springframework.web.servlet.mvc.method.RequestMappingInfoHandlerMapping.getHandlerInternal(RequestMappingInfoHandlerMapping.java:127)
	at org.springframework.web.servlet.mvc.method.RequestMappingInfoHandlerMapping.getHandlerInternal(RequestMappingInfoHandlerMapping.java:68)
	at org.springframework.web.servlet.handler.AbstractHandlerMapping.getHandler(AbstractHandlerMapping.java:507)
	at org.springframework.web.servlet.DispatcherServlet.getHandler(DispatcherServlet.java:1283)
	at org.springframework.web.servlet.DispatcherServlet.doDispatch(DispatcherServlet.java:1065)
	at org.springframework.web.servlet.DispatcherServlet.doService(DispatcherServlet.java:979)
	at org.springframework.web.servlet.FrameworkServlet.processRequest(FrameworkServlet.java:1014)
	at org.springframework.web.servlet.FrameworkServlet.doGet(FrameworkServlet.java:903)
	at jakarta.servlet.http.HttpServlet.service(HttpServlet.java:564)
	at org.springframework.web.servlet.FrameworkServlet.service(FrameworkServlet.java:885)
	at jakarta.servlet.http.HttpServlet.service(HttpServlet.java:658)
	at org.apache.catalina.core.ApplicationFilterChain.internalDoFilter(ApplicationFilterChain.java:206)
	at org.apache.catalina.core.ApplicationFilterChain.doFilter(ApplicationFilterChain.java:150)
	at org.apache.tomcat.websocket.server.WsFilter.doFilter(WsFilter.java:51)
	at org.apache.catalina.core.ApplicationFilterChain.internalDoFilter(ApplicationFilterChain.java:175)
	at org.apache.catalina.core.ApplicationFilterChain.doFilter(ApplicationFilterChain.java:150)
	at org.springframework.web.filter.OncePerRequestFilter.doFilter(OncePerRequestFilter.java:110)
	at org.apache.catalina.core.ApplicationFilterChain.internalDoFilter(ApplicationFilterChain.java:175)
	at org.apache.catalina.core.ApplicationFilterChain.doFilter(ApplicationFilterChain.java:150)
	at org.springframework.web.filter.CompositeFilter$VirtualFilterChain.doFilter(CompositeFilter.java:108)
	at org.springframework.security.web.FilterChainProxy.lambda$doFilterInternal$3(FilterChainProxy.java:231)
	at org.springframework.security.web.FilterChainProxy$VirtualFilterChain.doFilter(FilterChainProxy.java:365)
	at org.springframework.security.web.access.intercept.AuthorizationFilter.doFilter(AuthorizationFilter.java:100)
	at org.springframework.security.web.FilterChainProxy$VirtualFilterChain.doFilter(FilterChainProxy.java:374)
	at org.springframework.security.web.access.ExceptionTranslationFilter.doFilter(ExceptionTranslationFilter.java:126)
	at org.springframework.security.web.access.ExceptionTranslationFilter.doFilter(ExceptionTranslationFilter.java:120)
	at org.springframework.security.web.FilterChainProxy$VirtualFilterChain.doFilter(FilterChainProxy.java:374)
	at org.springframework.security.web.session.SessionManagementFilter.doFilter(SessionManagementFilter.java:131)
	at org.springframework.security.web.session.SessionManagementFilter.doFilter(SessionManagementFilter.java:85)
	at org.springframework.security.web.FilterChainProxy$VirtualFilterChain.doFilter(FilterChainProxy.java:374)
	at org.springframework.security.web.authentication.AnonymousAuthenticationFilter.doFilter(AnonymousAuthenticationFilter.java:100)
	at org.springframework.security.web.FilterChainProxy$VirtualFilterChain.doFilter(FilterChainProxy.java:374)
	at org.springframework.security.web.servletapi.SecurityContextHolderAwareRequestFilter.doFilter(SecurityContextHolderAwareRequestFilter.java:179)
	at org.springframework.security.web.FilterChainProxy$VirtualFilterChain.doFilter(FilterChainProxy.java:374)
	at org.springframework.security.web.savedrequest.RequestCacheAwareFilter.doFilter(RequestCacheAwareFilter.java:63)
	at org.springframework.security.web.FilterChainProxy$VirtualFilterChain.doFilter(FilterChainProxy.java:374)
	at com.kkosoonnae.config.jwt.JwtAuthenticationFilter.doFilterInternal(JwtAuthenticationFilter.java:42)
	at org.springframework.web.filter.OncePerRequestFilter.doFilter(OncePerRequestFilter.java:116)
	at org.springframework.security.web.FilterChainProxy$VirtualFilterChain.doFilter(FilterChainProxy.java:374)
	at org.springframework.security.web.authentication.logout.LogoutFilter.doFilter(LogoutFilter.java:107)
	at org.springframework.security.web.authentication.logout.LogoutFilter.doFilter(LogoutFilter.java:93)
	at org.springframework.security.web.FilterChainProxy$VirtualFilterChain.doFilter(FilterChainProxy.java:374)
	at org.springframework.web.filter.OncePerRequestFilter.doFilter(OncePerRequestFilter.java:110)
	at org.springframework.security.web.FilterChainProxy$VirtualFilterChain.doFilter(FilterChainProxy.java:374)
	at org.springframework.web.filter.CorsFilter.doFilterInternal(CorsFilter.java:91)
	at org.springframework.web.filter.OncePerRequestFilter.doFilter(OncePerRequestFilter.java:116)
	at org.springframework.security.web.FilterChainProxy$VirtualFilterChain.doFilter(FilterChainProxy.java:374)
	at org.springframework.security.web.header.HeaderWriterFilter.doHeadersAfter(HeaderWriterFilter.java:90)
	at org.springframework.security.web.header.HeaderWriterFilter.doFilterInternal(HeaderWriterFilter.java:75)
	at org.springframework.web.filter.OncePerRequestFilter.doFilter(OncePerRequestFilter.java:116)
	at org.springframework.security.web.FilterChainProxy$VirtualFilterChain.doFilter(FilterChainProxy.java:374)
	at org.springframework.security.web.context.SecurityContextHolderFilter.doFilter(SecurityContextHolderFilter.java:82)
	at org.springframework.security.web.context.SecurityContextHolderFilter.doFilter(SecurityContextHolderFilter.java:69)
	at org.springframework.security.web.FilterChainProxy$VirtualFilterChain.doFilter(FilterChainProxy.java:374)
	at org.springframework.security.web.context.request.async.WebAsyncManagerIntegrationFilter.doFilterInternal(WebAsyncManagerIntegrationFilter.java:62)
	at org.springframework.web.filter.OncePerRequestFilter.doFilter(OncePerRequestFilter.java:116)
	at org.springframework.security.web.FilterChainProxy$VirtualFilterChain.doFilter(FilterChainProxy.java:374)
	at org.springframework.security.web.session.DisableEncodeUrlFilter.doFilterInternal(DisableEncodeUrlFilter.java:42)
	at org.springframework.web.filter.OncePerRequestFilter.doFilter(OncePerRequestFilter.java:116)
	at org.springframework.security.web.FilterChainProxy$VirtualFilterChain.doFilter(FilterChainProxy.java:374)
	at org.springframework.security.web.FilterChainProxy.doFilterInternal(FilterChainProxy.java:233)
	at org.springframework.security.web.FilterChainProxy.doFilter(FilterChainProxy.java:191)
	at org.springframework.web.filter.CompositeFilter$VirtualFilterChain.doFilter(CompositeFilter.java:113)
	at org.springframework.web.servlet.handler.HandlerMappingIntrospector.lambda$createCacheFilter$3(HandlerMappingIntrospector.java:195)
	at org.springframework.web.filter.CompositeFilter$VirtualFilterChain.doFilter(CompositeFilter.java:113)
	at org.springframework.web.filter.CompositeFilter.doFilter(CompositeFilter.java:74)
	at org.springframework.security.config.annotation.web.configuration.WebMvcSecurityConfiguration$CompositeFilterChainProxy.doFilter(WebMvcSecurityConfiguration.java:230)
	at org.springframework.web.filter.DelegatingFilterProxy.invokeDelegate(DelegatingFilterProxy.java:352)
	at org.springframework.web.filter.DelegatingFilterProxy.doFilter(DelegatingFilterProxy.java:268)
	at org.apache.catalina.core.ApplicationFilterChain.internalDoFilter(ApplicationFilterChain.java:175)
	at org.apache.catalina.core.ApplicationFilterChain.doFilter(ApplicationFilterChain.java:150)
	at org.springframework.web.filter.RequestContextFilter.doFilterInternal(RequestContextFilter.java:100)
	at org.springframework.web.filter.OncePerRequestFilter.doFilter(OncePerRequestFilter.java:116)
	at org.apache.catalina.core.ApplicationFilterChain.internalDoFilter(ApplicationFilterChain.java:175)
	at org.apache.catalina.core.ApplicationFilterChain.doFilter(ApplicationFilterChain.java:150)
	at org.springframework.web.filter.FormContentFilter.doFilterInternal(FormContentFilter.java:93)
	at org.springframework.web.filter.OncePerRequestFilter.doFilter(OncePerRequestFilter.java:116)
	at org.apache.catalina.core.ApplicationFilterChain.internalDoFilter(ApplicationFilterChain.java:175)
	at org.apache.catalina.core.ApplicationFilterChain.doFilter(ApplicationFilterChain.java:150)
	at org.springframework.web.filter.CharacterEncodingFilter.doFilterInternal(CharacterEncodingFilter.java:201)
	at org.springframework.web.filter.OncePerRequestFilter.doFilter(OncePerRequestFilter.java:116)
	at org.apache.catalina.core.ApplicationFilterChain.internalDoFilter(ApplicationFilterChain.java:175)
	at org.apache.catalina.core.ApplicationFilterChain.doFilter(ApplicationFilterChain.java:150)
	at org.apache.catalina.core.StandardWrapperValve.invoke(StandardWrapperValve.java:167)
	at org.apache.catalina.core.StandardContextValve.invoke(StandardContextValve.java:90)
	at org.apache.catalina.authenticator.AuthenticatorBase.invoke(AuthenticatorBase.java:482)
	at org.apache.catalina.core.StandardHostValve.invoke(StandardHostValve.java:115)
	at org.apache.catalina.valves.ErrorReportValve.invoke(ErrorReportValve.java:93)
	at org.apache.catalina.core.StandardEngineValve.invoke(StandardEngineValve.java:74)
	at org.apache.catalina.connector.CoyoteAdapter.service(CoyoteAdapter.java:344)
	at org.apache.coyote.http11.Http11Processor.service(Http11Processor.java:391)
	at org.apache.coyote.AbstractProcessorLight.process(AbstractProcessorLight.java:63)
	at org.apache.coyote.AbstractProtocol$ConnectionHandler.process(AbstractProtocol.java:896)
	at org.apache.tomcat.util.net.NioEndpoint$SocketProcessor.doRun(NioEndpoint.java:1736)
	at org.apache.tomcat.util.net.SocketProcessorBase.run(SocketProcessorBase.java:52)
	at org.apache.tomcat.util.threads.ThreadPoolExecutor.runWorker(ThreadPoolExecutor.java:1191)
	at org.apache.tomcat.util.threads.ThreadPoolExecutor$Worker.run(ThreadPoolExecutor.java:659)
	at org.apache.tomcat.util.threads.TaskThread$WrappingRunnable.run(TaskThread.java:63)
	at java.base/java.lang.Thread.run(Thread.java:840)
2024-05-28 11:19:35.526 INFO  [SpringApplicationShutdownHook] [o.s.o.j.LocalContainerEntityManagerFactoryBean] - Closing JPA EntityManagerFactory for persistence unit 'default'
2024-05-28 11:19:35.527 INFO  [SpringApplicationShutdownHook] [com.zaxxer.hikari.HikariDataSource] - HikariPool-1 - Shutdown initiated...
2024-05-28 11:19:35.533 INFO  [SpringApplicationShutdownHook] [com.zaxxer.hikari.HikariDataSource] - HikariPool-1 - Shutdown completed.
2024-05-28 11:19:39.818 INFO  [background-preinit] [o.h.validator.internal.util.Version] - HV000001: Hibernate Validator 8.0.1.Final
2024-05-28 11:19:39.856 INFO  [main] [com.kkosoonnae.KkosoonnaeApplication] - Starting KkosoonnaeApplication using Java 17.0.10 with PID 12848 (C:\Users\hagjoon\OneDrive\바탕 화면\supercoding\KkoSoonNae-BE\build\classes\java\main started by hagjoon in C:\Users\hagjoon\OneDrive\바탕 화면\supercoding\KkoSoonNae-BE)
2024-05-28 11:19:39.858 INFO  [main] [com.kkosoonnae.KkosoonnaeApplication] - The following 3 profiles are active: "local", "jwt", "aws"
2024-05-28 11:19:40.397 INFO  [main] [o.s.d.r.c.RepositoryConfigurationDelegate] - Bootstrapping Spring Data JPA repositories in DEFAULT mode.
2024-05-28 11:19:40.471 INFO  [main] [o.s.d.r.c.RepositoryConfigurationDelegate] - Finished Spring Data repository scanning in 67 ms. Found 16 JPA repository interfaces.
2024-05-28 11:19:41.091 INFO  [main] [o.s.b.w.embedded.tomcat.TomcatWebServer] - Tomcat initialized with port 8080 (http)
2024-05-28 11:19:41.100 INFO  [main] [o.apache.coyote.http11.Http11NioProtocol] - Initializing ProtocolHandler ["http-nio-8080"]
2024-05-28 11:19:41.101 INFO  [main] [o.apache.catalina.core.StandardService] - Starting service [Tomcat]
2024-05-28 11:19:41.101 INFO  [main] [org.apache.catalina.core.StandardEngine] - Starting Servlet engine: [Apache Tomcat/10.1.20]
2024-05-28 11:19:41.165 INFO  [main] [o.a.c.c.C.[Tomcat].[localhost].[/]] - Initializing Spring embedded WebApplicationContext
2024-05-28 11:19:41.166 INFO  [main] [o.s.b.w.s.c.ServletWebServerApplicationContext] - Root WebApplicationContext: initialization completed in 1272 ms
2024-05-28 11:19:41.287 INFO  [main] [o.hibernate.jpa.internal.util.LogHelper] - HHH000204: Processing PersistenceUnitInfo [name: default]
2024-05-28 11:19:41.340 INFO  [main] [org.hibernate.Version] - HHH000412: Hibernate ORM core version 6.4.4.Final
2024-05-28 11:19:41.374 INFO  [main] [o.h.c.internal.RegionFactoryInitiator] - HHH000026: Second-level cache disabled
2024-05-28 11:19:41.698 INFO  [main] [o.s.o.j.p.SpringPersistenceUnitInfo] - No LoadTimeWeaver setup: ignoring JPA class transformer
2024-05-28 11:19:41.721 INFO  [main] [com.zaxxer.hikari.HikariDataSource] - HikariPool-1 - Starting...
2024-05-28 11:19:41.836 INFO  [main] [com.zaxxer.hikari.pool.HikariPool] - HikariPool-1 - Added connection com.mysql.cj.jdbc.ConnectionImpl@788d9139
2024-05-28 11:19:41.838 INFO  [main] [com.zaxxer.hikari.HikariDataSource] - HikariPool-1 - Start completed.
2024-05-28 11:19:41.873 WARN  [main] [org.hibernate.orm.deprecation] - HHH90000025: MySQL8Dialect does not need to be specified explicitly using 'hibernate.dialect' (remove the property setting and it will be selected by default)
2024-05-28 11:19:41.874 WARN  [main] [org.hibernate.orm.deprecation] - HHH90000026: MySQL8Dialect has been deprecated; use org.hibernate.dialect.MySQLDialect instead
2024-05-28 11:19:42.816 INFO  [main] [o.h.e.t.j.p.i.JtaPlatformInitiator] - HHH000489: No JTA platform available (set 'hibernate.transaction.jta.platform' to enable JTA platform integration)
2024-05-28 11:19:42.818 INFO  [main] [o.s.o.j.LocalContainerEntityManagerFactoryBean] - Initialized JPA EntityManagerFactory for persistence unit 'default'
2024-05-28 11:19:43.030 INFO  [main] [o.s.d.j.r.query.QueryEnhancerFactory] - Hibernate is in classpath; If applicable, HQL parser will be used.
2024-05-28 11:19:44.241 WARN  [main] [o.s.b.a.o.j.JpaBaseConfiguration$JpaWebConfiguration] - spring.jpa.open-in-view is enabled by default. Therefore, database queries may be performed during view rendering. Explicitly configure spring.jpa.open-in-view to disable this warning
2024-05-28 11:19:44.870 INFO  [main] [o.s.s.web.DefaultSecurityFilterChain] - Will secure any request with [org.springframework.security.web.session.DisableEncodeUrlFilter@50d8c98c, org.springframework.security.web.context.request.async.WebAsyncManagerIntegrationFilter@272670c8, org.springframework.security.web.context.SecurityContextHolderFilter@407c974c, org.springframework.security.web.header.HeaderWriterFilter@3e1ec8ed, org.springframework.web.filter.CorsFilter@2ce524d2, org.springframework.web.filter.CorsFilter@2ce524d2, org.springframework.security.web.authentication.logout.LogoutFilter@40aabc7b, com.kkosoonnae.config.jwt.JwtAuthenticationFilter@3e5b2c9a, org.springframework.security.web.savedrequest.RequestCacheAwareFilter@496361cd, org.springframework.security.web.servletapi.SecurityContextHolderAwareRequestFilter@37e92213, org.springframework.security.web.authentication.AnonymousAuthenticationFilter@2743e9b5, org.springframework.security.web.session.SessionManagementFilter@3b66175, org.springframework.security.web.access.ExceptionTranslationFilter@54d8774c, org.springframework.security.web.access.intercept.AuthorizationFilter@1e80fc9a]
2024-05-28 11:19:45.082 INFO  [main] [o.apache.coyote.http11.Http11NioProtocol] - Starting ProtocolHandler ["http-nio-8080"]
2024-05-28 11:19:45.102 INFO  [main] [o.s.b.w.embedded.tomcat.TomcatWebServer] - Tomcat started on port 8080 (http) with context path ''
2024-05-28 11:19:45.112 INFO  [main] [com.kkosoonnae.KkosoonnaeApplication] - Started KkosoonnaeApplication in 5.723 seconds (process running for 6.311)
2024-05-28 11:22:16.543 INFO  [http-nio-8080-exec-1] [o.a.c.c.C.[Tomcat].[localhost].[/]] - Initializing Spring DispatcherServlet 'dispatcherServlet'
2024-05-28 11:22:16.543 INFO  [http-nio-8080-exec-1] [o.s.web.servlet.DispatcherServlet] - Initializing Servlet 'dispatcherServlet'
2024-05-28 11:22:16.544 INFO  [http-nio-8080-exec-1] [o.s.web.servlet.DispatcherServlet] - Completed initialization in 1 ms
2024-05-28 11:22:17.463 INFO  [http-nio-8080-exec-9] [o.springdoc.api.AbstractOpenApiResource] - Init duration for springdoc-openapi is: 344 ms
